<?xml version="1.0" encoding="UTF-8"?>
<!-- Generated by org.testng.reporters.JUnitXMLReporter -->
<testsuite ignored="0" hostname="ADMIN" failures="0" tests="2" name="Default test" time="0.06" errors="0" timestamp="2023-02-14T11:20:35 IST">
  <testcase classname="TestNGPack.InstagramTestNGPack2" name="@BeforeTest openBrowser" time="-1.676353835822E9">
    <failure type="org.testng.TestNGException" message="
Parameter &amp;apos;browser&amp;apos; is required by BeforeTest on method openBrowser but has not been marked @Optional or defined
in C:\Users\SHEKHAR\AppData\Local\Temp\testng-eclipse-305556682\testng-customsuite.xml">
      <![CDATA[org.testng.TestNGException: 
Parameter 'browser' is required by BeforeTest on method openBrowser but has not been marked @Optional or defined
in C:\Users\SHEKHAR\AppData\Local\Temp\testng-eclipse-305556682\testng-customsuite.xml
at org.testng.internal.Parameters.createParams(Parameters.java:272)
at org.testng.internal.Parameters.createParametersForMethod(Parameters.java:360)
at org.testng.internal.Parameters.createParameters(Parameters.java:704)
at org.testng.internal.Parameters.createConfigurationParameters(Parameters.java:166)
at org.testng.internal.ConfigInvoker.invokeConfigurations(ConfigInvoker.java:283)
at org.testng.TestRunner.invokeTestConfigurations(TestRunner.java:619)
at org.testng.TestRunner.beforeRun(TestRunner.java:609)
at org.testng.TestRunner.run(TestRunner.java:580)
at org.testng.SuiteRunner.runTest(SuiteRunner.java:384)
at org.testng.SuiteRunner.runSequentially(SuiteRunner.java:378)
at org.testng.SuiteRunner.privateRun(SuiteRunner.java:337)
at org.testng.SuiteRunner.run(SuiteRunner.java:286)
at org.testng.SuiteRunnerWorker.runSuite(SuiteRunnerWorker.java:53)
at org.testng.SuiteRunnerWorker.run(SuiteRunnerWorker.java:96)
at org.testng.TestNG.runSuitesSequentially(TestNG.java:1187)
at org.testng.TestNG.runSuitesLocally(TestNG.java:1109)
at org.testng.TestNG.runSuites(TestNG.java:1039)
at org.testng.TestNG.run(TestNG.java:1007)
at org.testng.remote.AbstractRemoteTestNG.run(AbstractRemoteTestNG.java:115)
at org.testng.remote.RemoteTestNG.initAndRun(RemoteTestNG.java:251)
at org.testng.remote.RemoteTestNG.main(RemoteTestNG.java:77)
]]>
    </failure>
  </testcase> <!-- @BeforeTest openBrowser -->
  <testcase classname="TestNGPack.InstagramTestNGPack2" name="@BeforeMethod openHomePage" time="-1.676353835859E9">
    <skipped/>
  </testcase> <!-- @BeforeMethod openHomePage -->
  <testcase classname="TestNGPack.InstagramTestNGPack2" name="@AfterMethod afterMethod" time="-1.676353835866E9">
    <skipped/>
  </testcase> <!-- @AfterMethod afterMethod -->
  <testcase classname="TestNGPack.InstagramTestNGPack2" name="@BeforeMethod openHomePage" time="-1.676353835869E9">
    <skipped/>
  </testcase> <!-- @BeforeMethod openHomePage -->
  <testcase classname="TestNGPack.InstagramTestNGPack2" name="@AfterMethod afterMethod" time="-1.676353835874E9">
    <skipped/>
  </testcase> <!-- @AfterMethod afterMethod -->
  <testcase classname="TestNGPack.InstagramTestNGPack2" name="@AfterTest afterTest" time="-1.676353835876E9">
    <skipped/>
  </testcase> <!-- @AfterTest afterTest -->
  <testcase classname="TestNGPack.InstagramTestNGPack2" name="verifyTerms" time="0.0">
    <skipped/>
  </testcase> <!-- verifyTerms -->
  <testcase classname="TestNGPack.InstagramTestNGPack2" name="verifyCookiesPolicy" time="0.0">
    <skipped/>
  </testcase> <!-- verifyCookiesPolicy -->
</testsuite> <!-- Default test -->
